2015-04-11 17:31:09 Notice: Notice (8): Undefined variable: user_id in [/var/www/test.dev/buildmax1/app/View/Homes/index.ctp, line 90]
Trace:
include - APP/View/Homes/index.ctp, line 90
View::_evaluate() - CORE/Cake/View/View.php, line 961
View::_render() - CORE/Cake/View/View.php, line 923
View::render() - CORE/Cake/View/View.php, line 473
Controller::render() - CORE/Cake/Controller/Controller.php, line 959
Dispatcher::_invoke() - CORE/Cake/Routing/Dispatcher.php, line 200
Dispatcher::dispatch() - CORE/Cake/Routing/Dispatcher.php, line 167
[main] - APP/webroot/index.php, line 118

2015-04-11 17:31:59 Notice: Notice (8): Undefined variable: user_id in [/var/www/test.dev/buildmax1/app/View/Homes/index.ctp, line 90]
Trace:
include - APP/View/Homes/index.ctp, line 90
View::_evaluate() - CORE/Cake/View/View.php, line 961
View::_render() - CORE/Cake/View/View.php, line 923
View::render() - CORE/Cake/View/View.php, line 473
Controller::render() - CORE/Cake/Controller/Controller.php, line 959
Dispatcher::_invoke() - CORE/Cake/Routing/Dispatcher.php, line 200
Dispatcher::dispatch() - CORE/Cake/Routing/Dispatcher.php, line 167
[main] - APP/webroot/index.php, line 118

